<configuration>

    <appender name="CONSOLE" class="com.edu.nbu.info.my.logger.core.appender.ConsoleAppender">
    </appender>

    <mylogger name="com.edu.nbu.info.my.logger.core.log" class ="com.edu.nbu.info.my.logger.core.log.MyLogger" >
        <appender-ref ref="CONSOLE"/>
    </mylogger>

    <root level="trace">
        <appender-ref ref="CONSOLE"/>
    </root>

</configuration>